<?xml version="1.0" encoding="UTF-8"?>
<!-- Generated by org.testng.reporters.JUnitReportReporter -->
<testsuite skipped="0" hostname="DESKTOP-4G32AG1" name="org.service.day1.TestCase1" tests="1" failures="0" timestamp="2019-12-09T20:35:12 IST" time="32.038" errors="0">
  <testcase name="CreateOne" time="32.038" classname="org.service.day1.TestCase1"/>
</testsuite> <!-- org.service.day1.TestCase1 -->
